JvmtiExport can_access_local_variables 0
JvmtiExport can_hotswap_or_post_breakpoint 0
JvmtiExport can_post_on_exceptions 0
# 200 ciObject found
ciMethod java/util/List size ()I 0 0 1 0 -1
ciMethod java/util/List remove (I)Ljava/lang/Object; 0 0 1 0 -1
ciMethod java/util/ArrayList size ()I 5121 1 640 0 0
ciMethod java/util/Set isEmpty ()Z 0 0 1 0 -1
ciMethod java/util/Set iterator ()Ljava/util/Iterator; 0 0 1 0 -1
ciMethod java/util/Set remove (Ljava/lang/Object;)Z 0 0 1 0 -1
ciMethod java/util/HashMap hash (Ljava/lang/Object;)I 4097 1 173595 0 -1
ciMethod java/util/HashMap isEmpty ()Z 3057 1 14722 0 64
ciMethod java/util/HashMap removeNode (ILjava/lang/Object;Ljava/lang/Object;ZZ)Ljava/util/HashMap$Node; 97 1 5142 0 -1
ciMethod java/util/HashMap keySet ()Ljava/util/Set; 20313 1 2537 0 -1
ciMethod java/util/Iterator hasNext ()Z 0 0 1 0 -1
ciMethod java/util/Iterator next ()Ljava/lang/Object; 0 0 1 0 -1
ciMethod java/util/Iterator remove ()V 0 0 1 0 -1
ciMethod java/util/HashSet iterator ()Ljava/util/Iterator; 2057 1 30989 0 1216
ciMethod java/util/HashSet isEmpty ()Z 2673 1 5454 0 64
ciMethod java/util/HashSet remove (Ljava/lang/Object;)Z 5601 1 1381 0 -1
ciMethod java/util/concurrent/atomic/AtomicBoolean get ()Z 2049 1 23385 0 0
ciMethod java/util/HashMap$HashIterator hasNext ()Z 2049 1 12851 0 64
ciMethod java/util/HashMap$HashIterator nextNode ()Ljava/util/HashMap$Node; 2497 4233 11628 0 416
ciMethod java/util/HashMap$HashIterator remove ()V 2049 1 5389 0 2112
ciMethod java/util/HashMap$KeyIterator next ()Ljava/lang/Object; 3345 1 8029 0 448
ciMethodData java/util/HashMap$HashIterator hasNext ()Z 2 12851 orig 264 88 115 7 110 0 0 0 0 88 120 215 20 0 0 0 0 88 1 0 0 0 0 0 0 0 0 0 0 0 0 0 0 0 0 0 0 0 0 0 0 0 0 0 0 0 0 0 0 0 0 0 0 0 0 0 0 0 0 0 0 0 0 0 0 0 0 0 0 0 0 0 0 0 0 0 0 0 0 0 0 77 68 79 32 101 120 116 114 97 32 100 97 116 97 32 108 111 99 107 0 0 0 0 0 0 0 0 0 0 0 0 0 0 0 0 0 0 0 0 0 0 0 0 0 0 0 0 0 0 0 0 0 0 0 0 0 0 0 0 0 0 0 0 0 0 0 0 0 0 0 0 0 0 0 0 0 0 0 0 0 0 0 0 0 0 0 0 0 0 0 0 0 0 0 0 0 0 0 0 0 0 0 0 0 1 0 0 0 0 0 0 0 0 0 0 0 0 0 0 0 1 0 0 0 0 0 0 0 0 0 0 0 0 0 0 0 0 1 0 0 153 137 1 0 1 0 0 0 0 0 0 0 0 0 0 0 2 0 0 0 0 0 6 0 2 0 0 0 56 0 0 0 255 255 255 255 7 0 4 0 0 0 0 0 data 7 0x40007 0x4a1 0x38 0x2c92 0x80003 0x2c92 0x18 oops 0
ciMethodData java/util/HashMap$HashIterator nextNode ()Ljava/util/HashMap$Node; 2 21958 orig 264 88 115 7 110 0 0 0 0 88 121 215 20 0 0 0 0 8 2 0 0 128 0 0 0 0 0 0 0 0 0 0 0 0 0 0 0 0 0 0 0 0 0 0 0 0 0 0 0 0 0 0 0 0 0 0 0 0 0 0 0 0 0 0 0 0 0 0 0 0 0 0 0 0 0 0 0 0 0 0 0 77 68 79 32 101 120 116 114 97 32 100 97 116 97 32 108 111 99 107 0 0 0 0 0 0 0 0 0 0 0 0 0 0 0 0 0 0 0 0 0 0 0 0 0 0 0 0 0 0 0 0 0 0 0 0 0 0 0 0 0 0 0 0 0 0 0 0 0 0 0 0 0 0 0 0 0 0 0 0 0 0 0 0 0 0 0 0 0 0 0 0 0 0 0 0 0 0 0 0 0 0 0 0 0 25 0 0 0 0 0 0 0 0 0 0 0 0 0 0 0 1 0 0 0 0 0 0 0 0 0 0 0 0 0 0 0 17 2 0 0 161 97 1 0 169 157 2 0 0 0 0 0 0 0 0 0 2 0 0 0 1 0 17 0 2 0 0 0 224 0 0 0 255 255 255 255 7 0 16 0 0 0 0 0 data 28 0x100007 0x2c34 0x30 0x0 0x170002 0x0 0x1c0007 0x2c34 0x30 0x0 0x230002 0x0 0x350007 0x7fb 0x80 0x2439 0x410007 0x0 0x60 0x2439 0x4a0007 0x41e 0x40 0x53b5 0x5f0007 0x339a 0xffffffffffffffe0 0x201b oops 0
ciMethodData java/util/HashMap$KeyIterator next ()Ljava/lang/Object; 2 8029 orig 264 88 115 7 110 0 0 0 0 8 187 226 20 0 0 0 0 120 1 0 0 0 0 0 0 0 0 0 0 0 0 0 0 0 0 0 0 0 0 0 0 0 0 0 0 0 0 0 0 0 0 0 0 0 0 0 0 0 0 0 0 0 0 0 0 0 0 0 0 0 0 0 0 0 0 0 0 0 0 0 0 77 68 79 32 101 120 116 114 97 32 100 97 116 97 32 108 111 99 107 0 0 0 0 0 0 0 0 0 0 0 0 0 0 0 0 0 0 0 0 0 0 0 0 0 0 0 0 0 0 0 0 0 0 0 0 0 0 0 0 0 0 0 0 0 0 0 0 0 0 0 0 0 0 0 0 0 0 0 0 0 0 0 0 0 0 0 0 0 0 0 0 0 0 0 0 0 0 0 0 0 0 0 0 0 17 0 0 0 0 0 0 0 0 0 0 0 0 0 0 0 1 0 0 0 0 0 0 0 0 0 0 0 0 0 0 0 162 1 0 0 217 237 0 0 1 0 0 0 0 0 0 0 0 0 0 0 2 0 0 0 0 0 3 0 2 0 0 0 48 0 0 0 255 255 255 255 5 0 1 0 0 0 0 0 data 6 0x10005 0x0 0x17f19280 0x1dbb 0x0 0x0 oops 1 2 java/util/HashMap$KeyIterator
ciMethodData java/util/HashMap isEmpty ()Z 2 14722 orig 264 88 115 7 110 0 0 0 0 112 141 177 20 0 0 0 0 88 1 0 0 0 0 0 0 0 0 0 0 0 0 0 0 0 0 0 0 0 0 0 0 0 0 0 0 0 0 0 0 0 0 0 0 0 0 0 0 0 0 0 0 0 0 0 0 0 0 0 0 0 0 0 0 0 0 0 0 0 0 0 0 77 68 79 32 101 120 116 114 97 32 100 97 116 97 32 108 111 99 107 0 0 0 0 0 0 0 0 0 0 0 0 0 0 0 0 0 0 0 0 0 0 0 0 0 0 0 0 0 0 0 0 0 0 0 0 0 0 0 0 0 0 0 0 0 0 0 0 0 0 0 0 0 0 0 0 0 0 0 0 0 0 0 0 0 0 0 0 0 0 0 0 0 0 0 0 0 0 0 0 0 0 0 0 0 0 0 0 0 0 0 0 0 0 0 0 0 0 0 0 0 0 0 0 0 0 0 0 0 0 0 0 0 0 0 0 0 126 1 0 0 33 192 1 0 1 0 0 0 0 0 0 0 0 0 0 0 2 0 0 0 0 0 6 0 2 0 0 0 56 0 0 0 255 255 255 255 7 0 4 0 0 0 0 0 data 7 0x40007 0x2453 0x38 0x13a7 0x80003 0x13ac 0x18 oops 0
ciMethod java/nio/channels/spi/AbstractInterruptibleChannel isOpen ()Z 1025 1 128 0 -1
ciMethod java/nio/channels/SelectableChannel isRegistered ()Z 0 0 1 0 -1
ciMethodData java/util/HashSet isEmpty ()Z 2 5454 orig 264 88 115 7 110 0 0 0 0 248 129 191 20 0 0 0 0 120 1 0 0 0 0 0 0 0 0 0 0 0 0 0 0 0 0 0 0 0 0 0 0 0 0 0 0 0 0 0 0 0 0 0 0 0 0 0 0 0 0 0 0 0 0 0 0 0 0 0 0 0 0 0 0 0 0 0 0 0 0 0 0 77 68 79 32 101 120 116 114 97 32 100 97 116 97 32 108 111 99 107 0 0 0 0 0 0 0 0 0 0 0 0 0 0 0 0 0 0 0 0 0 0 0 0 0 0 0 0 0 0 0 0 0 0 0 0 0 0 0 0 0 0 0 0 0 0 0 0 0 0 0 0 0 0 0 0 0 0 0 0 0 0 0 0 0 0 0 0 0 0 0 0 0 0 0 0 0 0 0 0 0 0 0 0 0 0 0 0 0 0 0 0 0 0 0 0 0 0 0 0 0 0 0 0 0 0 0 0 0 0 0 0 0 0 0 0 0 78 1 0 0 1 160 0 0 1 0 0 0 0 0 0 0 0 0 0 0 2 0 0 0 0 0 7 0 2 0 0 0 48 0 0 0 255 255 255 255 5 0 4 0 0 0 0 0 data 6 0x40005 0x0 0x17f1d460 0xed7 0x17f1cfa0 0x530 oops 2 2 java/util/LinkedHashMap 4 java/util/HashMap
ciMethodData java/util/concurrent/atomic/AtomicBoolean get ()Z 2 23385 orig 264 88 115 7 110 0 0 0 0 176 248 206 20 0 0 0 0 88 1 0 0 0 0 0 0 0 0 0 0 0 0 0 0 0 0 0 0 0 0 0 0 0 0 0 0 0 0 0 0 0 0 0 0 0 0 0 0 0 0 0 0 0 0 0 0 0 0 0 0 0 0 0 0 0 0 0 0 0 0 0 0 77 68 79 32 101 120 116 114 97 32 100 97 116 97 32 108 111 99 107 0 0 0 0 0 0 0 0 0 0 0 0 0 0 0 0 0 0 0 0 0 0 0 0 0 0 0 0 0 0 0 0 0 0 0 0 0 0 0 0 0 0 0 0 0 0 0 0 0 0 0 0 0 0 0 0 0 0 0 0 0 0 0 0 0 0 0 0 0 0 0 0 0 0 0 0 0 0 0 0 0 0 0 0 0 1 0 0 0 0 0 0 0 0 0 0 0 0 0 0 0 1 0 0 0 0 0 0 0 0 0 0 0 0 0 0 0 0 1 0 0 201 210 2 0 1 0 0 0 0 0 0 0 0 0 0 0 2 0 0 0 0 0 6 0 2 0 0 0 56 0 0 0 255 255 255 255 7 0 4 0 0 0 0 0 data 7 0x40007 0x191b 0x38 0x4142 0x80003 0x4142 0x18 oops 0
ciMethod sun/nio/ch/SelChImpl kill ()V 0 0 1 0 -1
ciMethod sun/nio/ch/WindowsSelectorImpl doSelect (J)I 2057 1 10498 0 0
ciMethod sun/nio/ch/WindowsSelectorImpl adjustThreadsCount ()V 2057 1 6404 0 160
ciMethod sun/nio/ch/WindowsSelectorImpl resetWakeupSocket ()V 2041 1 5397 0 928
ciMethod sun/nio/ch/WindowsSelectorImpl resetWakeupSocket0 (I)V 3081 1 385 0 -1
ciMethod sun/nio/ch/WindowsSelectorImpl updateSelectedKeys ()I 2057 1 6406 0 -1
ciMethod sun/nio/ch/WindowsSelectorImpl implDereg (Lsun/nio/ch/SelectionKeyImpl;)V 657 1 78 0 0
ciMethod sun/nio/ch/SelectorImpl doSelect (J)I 0 0 1 0 -1
ciMethod sun/nio/ch/SelectorImpl lockAndDoSelect (J)I 2049 1 10496 0 -1
ciMethod sun/nio/ch/SelectorImpl processDeregisterQueue ()V 2049 1 5397 0 1600
ciMethod sun/nio/ch/SelectorImpl implDereg (Lsun/nio/ch/SelectionKeyImpl;)V 0 0 1 0 -1
ciMethod java/nio/channels/spi/AbstractSelector isOpen ()Z 2049 1 15914 0 0
ciMethod java/nio/channels/spi/AbstractSelector cancelledKeys ()Ljava/util/Set; 1041 1 130 0 0
ciMethod java/nio/channels/spi/AbstractSelector deregister (Ljava/nio/channels/spi/AbstractSelectionKey;)V 657 1 78 0 -1
ciMethod java/nio/channels/spi/AbstractSelector begin ()V 2065 1 6404 0 -1
ciMethod java/nio/channels/spi/AbstractSelector end ()V 2049 1 10495 0 -1
ciMethod sun/nio/ch/SelectionKeyImpl channel ()Ljava/nio/channels/SelectableChannel; 137 1 5740 0 -1
ciMethod sun/nio/ch/SelectionKeyImpl getIndex ()I 1025 1 128 0 -1
ciMethod sun/nio/ch/SelectionKeyImpl setIndex (I)V 1937 1 230 0 -1
ciMethod sun/nio/ch/WindowsSelectorImpl$FdMap access$3100 (Lsun/nio/ch/WindowsSelectorImpl$FdMap;Lsun/nio/ch/SelectionKeyImpl;)Lsun/nio/ch/WindowsSelectorImpl$MapEntry; 657 1 78 0 -1
ciMethod sun/nio/ch/WindowsSelectorImpl$SubSelector access$400 (Lsun/nio/ch/WindowsSelectorImpl$SubSelector;)I 2065 1 10495 0 -1
ciMethod sun/nio/ch/WindowsSelectorImpl$StartLock access$300 (Lsun/nio/ch/WindowsSelectorImpl$StartLock;)V 2057 1 10496 0 -1
ciMethod sun/nio/ch/WindowsSelectorImpl$FinishLock access$200 (Lsun/nio/ch/WindowsSelectorImpl$FinishLock;)V 2057 1 10496 0 -1
ciMethod sun/nio/ch/WindowsSelectorImpl$FinishLock access$500 (Lsun/nio/ch/WindowsSelectorImpl$FinishLock;Ljava/io/IOException;)V 0 0 1 0 -1
ciMethod sun/nio/ch/WindowsSelectorImpl$FinishLock access$600 (Lsun/nio/ch/WindowsSelectorImpl$FinishLock;)V 0 0 1 0 -1
ciMethod sun/nio/ch/WindowsSelectorImpl$FinishLock access$700 (Lsun/nio/ch/WindowsSelectorImpl$FinishLock;)V 2057 1 10495 0 -1
ciMethod sun/nio/ch/PollArrayWrapper replaceEntry (Lsun/nio/ch/PollArrayWrapper;ILsun/nio/ch/PollArrayWrapper;I)V 577 1 68 0 -1
ciMethodData sun/nio/ch/SelectorImpl processDeregisterQueue ()V 2 5397 orig 264 88 115 7 110 0 0 0 0 104 195 64 32 0 0 0 0 144 3 0 0 128 0 0 0 0 0 0 0 0 0 0 0 0 0 0 0 0 0 0 0 0 0 0 0 0 0 0 0 0 0 0 0 0 0 0 0 0 0 0 0 0 0 0 0 0 0 0 0 0 0 0 0 0 0 0 0 0 0 0 0 77 68 79 32 101 120 116 114 97 32 100 97 116 97 32 108 111 99 107 0 0 0 0 0 0 0 0 0 0 0 0 0 0 0 0 0 0 0 0 0 0 0 0 0 0 0 0 0 0 0 0 0 0 0 0 0 0 0 0 0 0 0 0 0 0 0 0 0 0 0 0 0 0 0 0 0 0 0 0 0 0 0 0 0 0 0 0 0 0 0 0 0 0 0 0 0 0 0 0 0 0 0 0 0 0 0 0 0 0 0 0 0 0 0 0 0 0 0 0 0 0 0 0 0 0 0 0 0 0 0 0 0 0 0 0 0 0 1 0 0 169 160 0 0 33 0 0 0 0 0 0 0 0 0 0 0 2 0 0 0 1 0 20 0 2 0 0 0 72 2 0 0 255 255 255 255 5 0 1 0 0 0 0 0 data 73 0x10005 0x0 0x170ee260 0x1415 0x0 0x0 0xa0005 0x0 0x17f191d0 0x1416 0x0 0x0 0xf0007 0x1412 0x1d0 0x4 0x130005 0x0 0x17f191d0 0x4 0x0 0x0 0x1a0005 0x0 0x17f19280 0x8 0x0 0x0 0x1f0007 0x4 0x150 0x4 0x230005 0x0 0x17f19280 0x4 0x0 0x0 0x280004 0x0 0x16eeab70 0x4 0x0 0x0 0x300005 0x0 0x170ee260 0x4 0x0 0x0 0x340005 0x0 0x17f19280 0x4 0x0 0x0 0x390003 0x4 0x58 0x460002 0x0 0x4d0005 0x0 0x0 0x0 0x0 0x0 0x550003 0x4 0xfffffffffffffe98 0x5a0003 0x1415 0x18 oops 8 2 sun/nio/ch/WindowsSelectorImpl 8 java/util/HashSet 18 java/util/HashSet 24 java/util/HashMap$KeyIterator 34 java/util/HashMap$KeyIterator 40 sun/nio/ch/SelectionKeyImpl 46 sun/nio/ch/WindowsSelectorImpl 52 java/util/HashMap$KeyIterator
ciMethodData java/nio/channels/spi/AbstractSelector isOpen ()Z 2 15915 orig 264 88 115 7 110 0 0 0 0 240 204 64 32 0 0 0 0 120 1 0 0 0 0 0 0 0 0 0 0 0 0 0 0 0 0 0 0 0 0 0 0 0 0 0 0 0 0 0 0 0 0 0 0 0 0 0 0 0 0 0 0 0 0 0 0 0 0 0 0 0 0 0 0 0 0 0 0 0 0 0 0 77 68 79 32 101 120 116 114 97 32 100 97 116 97 32 108 111 99 107 0 0 0 0 0 0 0 0 0 0 0 0 0 0 0 0 0 0 0 0 0 0 0 0 0 0 0 0 0 0 0 0 0 0 0 0 0 0 0 0 0 0 0 0 0 0 0 0 0 0 0 0 0 0 0 0 0 0 0 0 0 0 0 0 0 0 0 0 0 0 0 0 0 0 0 0 0 0 0 0 0 0 0 0 0 17 0 0 0 0 0 0 0 0 0 0 0 0 0 0 0 1 0 0 0 0 0 0 0 0 0 0 0 0 0 0 0 0 1 0 0 89 233 1 0 1 0 0 0 0 0 0 0 0 0 0 0 2 0 0 0 0 0 7 0 2 0 0 0 48 0 0 0 255 255 255 255 5 0 4 0 0 0 0 0 data 6 0x40005 0x0 0x16ee7430 0x3d2b 0x0 0x0 oops 1 2 java/util/concurrent/atomic/AtomicBoolean
ciMethodData sun/nio/ch/SelectorImpl lockAndDoSelect (J)I 2 10496 orig 264 88 115 7 110 0 0 0 0 152 188 64 32 0 0 0 0 232 1 0 0 80 0 0 0 0 0 0 0 0 0 0 0 0 0 0 0 0 0 0 0 0 0 0 0 0 0 0 0 0 0 0 0 0 0 0 0 0 0 0 0 0 0 0 0 0 0 0 0 0 0 0 0 0 0 0 0 0 0 0 0 77 68 79 32 101 120 116 114 97 32 100 97 116 97 32 108 111 99 107 0 0 0 0 0 0 0 0 0 0 0 0 0 0 0 0 0 0 0 0 0 0 0 0 0 0 0 0 0 0 0 0 0 0 0 0 0 0 0 0 0 0 0 0 0 1 0 0 0 0 0 0 0 0 0 0 0 0 0 0 0 0 0 0 0 0 0 0 0 0 0 0 0 0 0 0 0 0 0 0 0 0 0 0 0 0 0 0 0 0 0 0 0 0 0 0 0 0 0 0 0 0 0 0 0 0 0 0 0 0 0 0 0 0 0 0 0 0 1 0 0 1 64 1 0 1 0 0 0 103 20 0 0 0 0 0 0 2 0 0 0 0 0 22 0 2 0 0 0 144 0 0 0 255 255 255 255 5 0 5 0 0 0 0 0 data 18 0x50005 0x1e 0x170ee260 0x27e2 0x0 0x0 0x80007 0x2800 0x30 0x0 0xf0002 0x0 0x250005 0x0 0x170ee260 0x2800 0x0 0x0 oops 2 2 sun/nio/ch/WindowsSelectorImpl 14 sun/nio/ch/WindowsSelectorImpl
ciMethodData sun/nio/ch/WindowsSelectorImpl doSelect (J)I 2 10499 orig 264 88 115 7 110 0 0 0 0 0 158 64 32 0 0 0 0 184 3 0 0 96 0 0 0 0 0 0 0 0 0 0 0 0 0 0 0 0 0 0 0 0 0 0 0 0 0 0 0 0 0 0 0 0 0 0 0 0 0 0 0 0 0 0 0 0 0 0 0 0 0 0 0 0 0 0 0 0 0 0 0 77 68 79 32 101 120 116 114 97 32 100 97 116 97 32 108 111 99 107 0 0 0 0 0 0 0 0 0 0 0 0 0 0 0 0 0 0 0 0 0 0 0 0 0 0 0 0 0 0 0 0 0 0 0 0 0 0 0 0 0 0 0 0 0 0 0 0 0 0 0 0 0 0 0 0 0 0 0 0 0 0 0 0 0 0 0 0 0 0 0 0 0 0 0 0 0 0 0 0 1 0 0 0 0 0 0 0 0 0 0 0 0 0 0 0 0 0 0 0 0 0 0 0 0 0 0 0 0 0 0 0 0 0 0 0 0 1 1 0 0 17 64 1 0 1 0 0 0 102 20 0 0 0 0 0 0 2 0 0 0 0 0 38 0 2 0 0 0 96 2 0 0 255 255 255 255 7 0 4 0 0 0 0 0 data 76 0x40007 0x2801 0x30 0x0 0xb0002 0x0 0x150005 0x0 0x170ee260 0x2801 0x0 0x0 0x1ce007 0x27ff 0x30 0x3 0x200002 0x3 0x260002 0x2800 0x2d0002 0x27fe 0x340002 0x27ff 0x380005 0x3 0x170ee260 0x27fd 0x0 0x0 0x3f0002 0x27ff 0x430003 0x27fe 0x28 0x4c0002 0x0 0x530005 0x0 0x16fa2750 0x27fe 0x0 0x0 0x580007 0x27fe 0x30 0x0 0x5f0002 0x0 0x630005 0x3 0x170ee260 0x27fb 0x0 0x0 0x660003 0x27fe 0x48 0x6c0005 0x0 0x0 0x0 0x0 0x0 0x760002 0x27fe 0x7a0005 0x0 0x170ee260 0x27fe 0x0 0x0 0x7e0002 0x27fe 0x830002 0x27fd oops 5 8 sun/nio/ch/WindowsSelectorImpl 26 sun/nio/ch/WindowsSelectorImpl 39 java/util/ArrayList 51 sun/nio/ch/WindowsSelectorImpl 68 sun/nio/ch/WindowsSelectorImpl
ciMethodData sun/nio/ch/WindowsSelectorImpl adjustThreadsCount ()V 2 6404 orig 264 88 115 7 110 0 0 0 0 40 159 64 32 0 0 0 0 0 4 0 0 192 1 0 0 0 0 0 0 0 0 0 0 0 0 0 0 0 0 0 0 0 0 0 0 0 0 0 0 0 0 0 0 0 0 0 0 0 0 0 0 0 0 0 0 0 0 0 0 0 0 0 0 0 0 0 0 0 0 0 0 77 68 79 32 101 120 116 114 97 32 100 97 116 97 32 108 111 99 107 0 0 0 0 0 0 0 0 0 0 0 0 0 0 0 0 0 0 0 0 0 0 0 0 0 0 0 0 0 0 0 0 0 0 0 0 0 0 0 0 0 0 0 0 0 0 0 0 0 0 0 0 0 0 0 0 0 0 0 0 0 0 0 0 0 0 0 0 0 0 0 0 0 0 0 0 0 0 0 0 0 0 0 0 0 0 0 0 0 0 0 0 0 0 0 0 0 0 0 0 0 0 0 0 0 0 0 0 0 0 0 0 0 0 0 0 0 1 1 0 0 25 192 0 0 1 0 0 0 0 0 0 0 0 0 0 0 2 0 0 0 2 0 14 0 2 0 0 0 184 2 0 0 255 255 255 255 5 0 8 0 0 0 0 0 data 87 0x80005 0x0 0x16fa2750 0x1803 0x0 0x0 0xd0007 0x1803 0x140 0x0 0x140005 0x0 0x0 0x0 0x0 0x0 0x1f0007 0x0 0xd8 0x0 0x290002 0x0 0x320005 0x0 0x0 0x0 0x0 0x0 0x3a0005 0x0 0x0 0x0 0x0 0x0 0x3e0005 0x0 0x0 0x0 0x0 0x0 0x440003 0x0 0xffffffffffffff40 0x470003 0x0 0x160 0x520005 0x0 0x16fa2750 0x1803 0x0 0x0 0x570007 0x1803 0x118 0x0 0x5e0005 0x0 0x0 0x0 0x0 0x0 0x6b0007 0x0 0xc8 0x0 0x730005 0x0 0x0 0x0 0x0 0x0 0x780004 0x0 0x0 0x0 0x0 0x0 0x7b0005 0x0 0x0 0x0 0x0 0x0 0x810003 0x0 0xffffffffffffff50 oops 2 2 java/util/ArrayList 48 java/util/ArrayList
instanceKlass javax/security/auth/message/config/AuthConfigProvider
instanceKlass org/springframework/security/web/FilterChainProxy$1
instanceKlass java/lang/ref/ReferenceQueue$1
instanceKlass sun/util/locale/LocaleExtensions
instanceKlass sun/nio/cs/UTF_8$1
instanceKlass org/slf4j/Marker
instanceKlass com/fasterxml/jackson/databind/ser/impl/PropertySerializerMap$TypeAndSerializer
instanceKlass com/fasterxml/jackson/core/io/NumberOutput
instanceKlass com/fasterxml/jackson/databind/ser/std/NumberSerializers$1
instanceKlass com/fasterxml/jackson/databind/ser/impl/PropertySerializerMap$SerializerAndMapResult
instanceKlass com/fasterxml/jackson/annotation/JsonPropertyOrder
instanceKlass com/fasterxml/jackson/databind/annotation/JsonNaming
instanceKlass com/fasterxml/jackson/databind/introspect/POJOPropertyBuilder$10
instanceKlass com/fasterxml/jackson/databind/introspect/POJOPropertyBuilder$9
instanceKlass com/fasterxml/jackson/annotation/JacksonInject
instanceKlass com/fasterxml/jackson/annotation/JsonAnyGetter
instanceKlass com/fasterxml/jackson/databind/util/BeanUtil
instanceKlass com/fasterxml/jackson/annotation/JsonSetter
instanceKlass com/fasterxml/jackson/databind/introspect/AnnotatedMethodMap
instanceKlass com/fasterxml/jackson/annotation/JacksonAnnotationsInside
instanceKlass com/fasterxml/jackson/databind/introspect/AnnotatedMethodCollector$MethodBuilder
instanceKlass com/fasterxml/jackson/databind/introspect/MemberKey
instanceKlass com/fasterxml/jackson/databind/introspect/POJOPropertyBuilder$Linked
instanceKlass com/fasterxml/jackson/databind/AnnotationIntrospector$ReferenceProperty
instanceKlass com/fasterxml/jackson/databind/introspect/POJOPropertyBuilder$WithMember
instanceKlass com/fasterxml/jackson/annotation/JsonIgnore
instanceKlass com/fasterxml/jackson/annotation/JsonAutoDetect$1
instanceKlass com/fasterxml/jackson/annotation/JsonProperty
instanceKlass com/fasterxml/jackson/annotation/JsonGetter
instanceKlass com/fasterxml/jackson/annotation/JsonAnySetter
instanceKlass com/fasterxml/jackson/annotation/JsonValue
instanceKlass com/fasterxml/jackson/databind/introspect/AnnotatedFieldCollector$FieldBuilder
instanceKlass com/fasterxml/jackson/databind/introspect/TypeResolutionContext$Basic
instanceKlass com/fasterxml/jackson/databind/introspect/AnnotationMap
instanceKlass com/fasterxml/jackson/databind/introspect/CollectorBase
instanceKlass java/util/stream/DoubleStream
instanceKlass java/util/stream/LongStream
instanceKlass com/fasterxml/jackson/annotation/JsonIdentityInfo
instanceKlass com/fasterxml/jackson/annotation/JsonAutoDetect
instanceKlass com/fasterxml/jackson/databind/introspect/POJOPropertiesCollector
instanceKlass com/fasterxml/jackson/databind/ser/std/StdKeySerializers
instanceKlass com/fasterxml/jackson/databind/ObjectWriter$Prefetch
instanceKlass com/fasterxml/jackson/databind/ObjectWriter$GeneratorSettings
instanceKlass com/fasterxml/jackson/core/util/MinimalPrettyPrinter
instanceKlass org/springframework/util/TypeUtils
instanceKlass com/fasterxml/jackson/core/JsonStreamContext
instanceKlass com/fasterxml/jackson/core/util/BufferRecycler
instanceKlass com/fasterxml/jackson/core/util/BufferRecyclers
instanceKlass com/fasterxml/jackson/core/io/IOContext
instanceKlass org/springframework/http/converter/json/MappingJacksonValue
instanceKlass org/springframework/web/servlet/mvc/method/annotation/AbstractMessageConverterMethodProcessor$$Lambda$563
instanceKlass javax/xml/bind/annotation/XmlRootElement
instanceKlass com/fasterxml/jackson/annotation/JsonInclude
instanceKlass com/fasterxml/jackson/databind/ser/impl/PropertySerializerMap
instanceKlass com/fasterxml/jackson/annotation/JsonIgnoreProperties$Value
instanceKlass com/fasterxml/jackson/annotation/JsonIgnoreProperties
instanceKlass com/fasterxml/jackson/annotation/JsonFilter
instanceKlass com/fasterxml/jackson/databind/util/ArrayIterator
instanceKlass com/fasterxml/jackson/databind/annotation/JsonTypeResolver
instanceKlass com/fasterxml/jackson/databind/type/TypeBindings$AsKey
instanceKlass com/fasterxml/jackson/databind/type/TypeBindings$TypeParamStash
instanceKlass com/fasterxml/jackson/databind/type/ClassStack
instanceKlass com/fasterxml/jackson/databind/util/TypeKey
instanceKlass org/springframework/util/StreamUtils
instanceKlass com/fasterxml/jackson/databind/ser/impl/ReadOnlyClassToSerializerMap$Bucket
instanceKlass com/fasterxml/jackson/databind/ser/impl/ReadOnlyClassToSerializerMap
instanceKlass org/apache/coyote/Constants
instanceKlass org/springframework/http/server/ServletServerHttpResponse$$Lambda$562
instanceKlass org/springframework/http/server/ServerHttpAsyncRequestControl
instanceKlass org/springframework/http/StreamingHttpOutputMessage
instanceKlass org/springframework/http/server/ServletServerHttpRequest
instanceKlass org/springframework/web/servlet/resource/HttpResource
instanceKlass org/springframework/util/CollectionUtils$MultiValueMapAdapter
instanceKlass org/springframework/http/ResponseEntity$BodyBuilder
instanceKlass org/springframework/http/ResponseEntity$HeadersBuilder
instanceKlass java/time/zone/ZoneOffsetTransitionRule
instanceKlass java/time/zone/ZoneRules
instanceKlass org/springframework/http/server/ServletServerHttpResponse
instanceKlass org/apache/catalina/core/ApplicationDispatcher$State
instanceKlass org/apache/catalina/core/ApplicationMapping$MappingImpl
instanceKlass org/apache/catalina/core/ApplicationMapping$1
instanceKlass org/apache/catalina/core/ApplicationContext$DispatchData
instanceKlass org/springframework/web/servlet/mvc/LastModified
instanceKlass org/springframework/util/AntPathMatcher$AntPatternComparator$PatternInfo
instanceKlass org/springframework/web/servlet/mvc/method/RequestMappingInfoHandlerMapping$PartialMatchHelper
instanceKlass org/springframework/web/servlet/mvc/condition/ProducesRequestCondition$$Lambda$560
instanceKlass java/util/concurrent/locks/ReentrantReadWriteLock$Sync$HoldCounter
instanceKlass org/hibernate/internal/util/collections/IdentityMap$$Lambda$559
instanceKlass org/hibernate/internal/util/collections/IdentityMap$IdentityKey
instanceKlass org/hibernate/engine/internal/StatefulPersistenceContext$$Lambda$558
instanceKlass org/hibernate/collection/spi/PersistentCollection
instanceKlass org/hibernate/internal/util/collections/ConcurrentReferenceHashMap$HashIterator
instanceKlass org/hibernate/resource/transaction/backend/jta/internal/JtaTransactionCoordinatorImpl
instanceKlass org/hibernate/resource/transaction/backend/jta/internal/synchronization/SynchronizationCallbackTarget
instanceKlass org/apache/tomcat/util/net/NioBlockingSelector$BlockPoller$RunnableRemove
instanceKlass org/apache/tomcat/util/net/NioBlockingSelector$KeyReference
instanceKlass org/apache/tomcat/util/buf/HexUtils
instanceKlass org/thymeleaf/engine/Model
instanceKlass org/thymeleaf/standard/processor/StandardTextTagProcessor$1
instanceKlass org/thymeleaf/spring5/expression/SPELContextMapWrapper
instanceKlass org/thymeleaf/spring5/expression/SPELVariableExpressionEvaluator$ComputedSpelExpression
instanceKlass org/thymeleaf/standard/util/StandardExpressionUtils
instanceKlass org/thymeleaf/spring5/expression/SpringStandardExpressions
instanceKlass org/thymeleaf/inline/NoOpInliner
instanceKlass org/thymeleaf/standard/util/StandardProcessorUtils
instanceKlass org/thymeleaf/context/ILazyContextVariable
instanceKlass org/thymeleaf/spring5/context/SpringContextUtils
instanceKlass org/thymeleaf/spring5/requestdata/RequestDataValueProcessorUtils
instanceKlass org/unbescape/html/Html5EscapeSymbolsInitializer
instanceKlass org/unbescape/html/HtmlEscapeSymbols$1
instanceKlass org/unbescape/html/HtmlEscapeSymbols$Reference
instanceKlass org/unbescape/html/HtmlEscapeSymbols$References
instanceKlass org/unbescape/html/Html4EscapeSymbolsInitializer
instanceKlass org/unbescape/html/HtmlEscapeSymbols
instanceKlass org/unbescape/html/HtmlEscapeUtil
instanceKlass org/thymeleaf/standard/expression/NoOpToken
instanceKlass org/thymeleaf/cache/StandardCache$CacheEntry
instanceKlass org/thymeleaf/standard/expression/LiteralValue
instanceKlass org/thymeleaf/standard/expression/ExpressionParsingNode
instanceKlass org/thymeleaf/util/ArrayUtils
instanceKlass org/thymeleaf/standard/expression/LiteralSubstitutionUtil
instanceKlass org/thymeleaf/standard/expression/StandardExpressionExecutionContext
instanceKlass org/thymeleaf/standard/expression/IStandardVariableExpression
instanceKlass org/thymeleaf/standard/expression/ExpressionParsingUtil
instanceKlass org/thymeleaf/standard/expression/Expression
instanceKlass org/thymeleaf/cache/ExpressionCacheKey
instanceKlass org/thymeleaf/standard/expression/ExpressionCache
instanceKlass org/thymeleaf/standard/expression/StandardExpressionPreprocessor
instanceKlass org/thymeleaf/standard/expression/StandardExpressions
instanceKlass org/thymeleaf/engine/Attribute$1
instanceKlass org/unbescape/html/HtmlEscape
instanceKlass org/thymeleaf/util/EscapedAttributeUtils$1
instanceKlass org/thymeleaf/util/EscapedAttributeUtils
instanceKlass org/thymeleaf/engine/ElementProcessorIterator
instanceKlass org/thymeleaf/engine/ProcessorExecutionVars
instanceKlass org/thymeleaf/engine/Attributes
instanceKlass org/thymeleaf/engine/ElementDefinitions$1
instanceKlass org/thymeleaf/engine/Attribute
instanceKlass org/thymeleaf/model/IAttribute
instanceKlass org/attoparser/ParsingAttributeSequenceUtil
instanceKlass org/thymeleaf/engine/EngineEventUtils
instanceKlass org/attoparser/HtmlElements$HtmlElementRepository$ElementComparator
instanceKlass org/attoparser/HtmlElements$HtmlElementRepository
instanceKlass org/attoparser/HtmlElement
instanceKlass org/attoparser/HtmlElements
instanceKlass org/attoparser/HtmlNames
instanceKlass org/attoparser/MarkupEventProcessorHandler$StandardNamesRepository
instanceKlass org/attoparser/util/TextUtil
instanceKlass org/attoparser/ParsingLocatorUtil
instanceKlass org/attoparser/ParsingDocTypeMarkupUtil
instanceKlass org/attoparser/ParsingCDATASectionMarkupUtil
instanceKlass org/attoparser/ParsingCommentMarkupUtil
instanceKlass org/attoparser/ParsingElementMarkupUtil
instanceKlass org/attoparser/ParsingMarkupUtil
instanceKlass org/thymeleaf/standard/inline/AbstractStandardInliner
instanceKlass org/thymeleaf/standard/processor/StandardInlineEnablementTemplateBoundariesProcessor$1
instanceKlass org/attoparser/select/ParseSelection
instanceKlass org/attoparser/ParseStatus
instanceKlass org/attoparser/MarkupEventProcessorHandler$StructureNamesRepository
instanceKlass org/thymeleaf/templateparser/markup/InlinedOutputExpressionMarkupHandler$InlineMarkupAdapterPreProcessorHandler
instanceKlass org/thymeleaf/standard/inline/OutputExpressionInlinePreProcessorHandler
instanceKlass org/thymeleaf/standard/inline/IInlinePreProcessorHandler
instanceKlass org/thymeleaf/model/ITemplateEnd
instanceKlass org/thymeleaf/model/ITemplateStart
instanceKlass org/thymeleaf/engine/TemplateManager$1
instanceKlass org/thymeleaf/engine/AbstractTemplateHandler
instanceKlass org/thymeleaf/engine/DecreaseContextLevelProcessable
instanceKlass org/thymeleaf/model/ICloseElementTag
instanceKlass org/thymeleaf/engine/AbstractGatheringModelProcessable
instanceKlass org/thymeleaf/engine/IGatheringModelProcessable
instanceKlass org/thymeleaf/engine/TemplateModelController
instanceKlass org/thymeleaf/engine/XMLDeclarationStructureHandler
instanceKlass org/thymeleaf/engine/TextStructureHandler
instanceKlass org/thymeleaf/engine/ProcessingInstructionStructureHandler
instanceKlass org/thymeleaf/engine/DocTypeStructureHandler
instanceKlass org/thymeleaf/engine/CommentStructureHandler
instanceKlass org/thymeleaf/engine/CDATASectionStructureHandler
instanceKlass org/thymeleaf/engine/TemplateBoundariesStructureHandler
instanceKlass org/thymeleaf/engine/ElementModelStructureHandler
instanceKlass org/thymeleaf/engine/ElementTagStructureHandler
instanceKlass org/thymeleaf/model/IStandaloneElementTag
instanceKlass org/thymeleaf/model/IXMLDeclaration
instanceKlass org/thymeleaf/processor/xmldeclaration/IXMLDeclarationStructureHandler
instanceKlass org/thymeleaf/processor/templateboundaries/ITemplateBoundariesStructureHandler
instanceKlass org/thymeleaf/model/IProcessingInstruction
instanceKlass org/thymeleaf/processor/processinginstruction/IProcessingInstructionStructureHandler
instanceKlass org/thymeleaf/processor/element/IElementModelStructureHandler
instanceKlass org/thymeleaf/processor/element/IElementTagStructureHandler
instanceKlass org/thymeleaf/engine/IEngineTemplateEvent
instanceKlass org/thymeleaf/engine/AbstractTemplateEvent
instanceKlass org/thymeleaf/model/IOpenElementTag
instanceKlass org/thymeleaf/model/ICDATASection
instanceKlass org/thymeleaf/processor/cdatasection/ICDATASectionStructureHandler
instanceKlass org/thymeleaf/model/IText
instanceKlass org/thymeleaf/processor/text/ITextStructureHandler
instanceKlass org/thymeleaf/model/IComment
instanceKlass org/thymeleaf/processor/comment/ICommentStructureHandler
instanceKlass org/thymeleaf/engine/IEngineProcessable
instanceKlass org/thymeleaf/model/IDocType
instanceKlass org/thymeleaf/processor/doctype/IDocTypeStructureHandler
instanceKlass org/thymeleaf/engine/ProcessorTemplateHandler
instanceKlass org/thymeleaf/context/WebEngineContext$NoOpMapImpl
instanceKlass org/thymeleaf/model/IProcessableElementTag
instanceKlass org/thymeleaf/model/IElementTag
instanceKlass org/thymeleaf/context/WebEngineContext$RequestAttributesVariablesMap$SelectionTarget
instanceKlass org/thymeleaf/context/AbstractEngineContext
instanceKlass org/thymeleaf/engine/EngineContextManager
instanceKlass org/thymeleaf/engine/TemplateData
instanceKlass org/thymeleaf/cache/NonCacheableCacheEntryValidity
instanceKlass org/thymeleaf/spring5/templateresource/SpringResourceTemplateResource
instanceKlass org/thymeleaf/cache/TemplateCacheKey
instanceKlass org/apache/tomcat/util/buf/C2BConverter
instanceKlass org/apache/tomcat/util/http/parser/MediaType
instanceKlass org/thymeleaf/util/ContentTypeUtils$ContentType
instanceKlass org/thymeleaf/util/ContentTypeUtils
instanceKlass org/thymeleaf/spring5/util/SpringContentTypeUtils
instanceKlass org/thymeleaf/expression/IExpressionObjects
instanceKlass org/thymeleaf/context/AbstractContext
instanceKlass org/thymeleaf/context/IWebContext
instanceKlass org/thymeleaf/Thymeleaf
instanceKlass org/thymeleaf/ConfigurationPrinterHelper$ConfigLogBuilder
instanceKlass org/thymeleaf/ConfigurationPrinterHelper
instanceKlass org/thymeleaf/templateparser/raw/RawParser$BufferPool
instanceKlass org/thymeleaf/templateparser/raw/RawParser
instanceKlass org/thymeleaf/templateparser/raw/IRawHandler
instanceKlass org/thymeleaf/templateparser/raw/RawTemplateParser
instanceKlass org/thymeleaf/templateparser/text/TextParser$BufferPool
instanceKlass org/thymeleaf/templateparser/text/TextParser
instanceKlass org/thymeleaf/templateparser/text/ITextHandler
instanceKlass org/thymeleaf/templateparser/text/AbstractTextTemplateParser
instanceKlass org/attoparser/MarkupParser$BufferPool
instanceKlass org/attoparser/AbstractMarkupHandler
instanceKlass org/attoparser/MarkupParser
instanceKlass org/attoparser/config/ParseConfiguration$PrologParseConfiguration
instanceKlass org/attoparser/config/ParseConfiguration
instanceKlass org/attoparser/select/IMarkupSelectorReferenceResolver
instanceKlass org/attoparser/IMarkupHandler
instanceKlass org/attoparser/IProcessingInstructionHandler
instanceKlass org/attoparser/IElementHandler
instanceKlass org/attoparser/IAttributeSequenceHandler
instanceKlass org/attoparser/ITextHandler
instanceKlass org/attoparser/ICommentHandler
instanceKlass org/attoparser/ICDATASectionHandler
instanceKlass org/attoparser/IDocTypeHandler
instanceKlass org/attoparser/IXMLDeclarationHandler
instanceKlass org/attoparser/IDocumentHandler
instanceKlass org/attoparser/IMarkupParser
instanceKlass org/thymeleaf/templateparser/markup/AbstractMarkupTemplateParser
instanceKlass org/thymeleaf/cache/StandardCache$CacheDataContainer
instanceKlass org/thymeleaf/cache/StandardCache
instanceKlass org/thymeleaf/engine/ISSEThrottledTemplateWriterControl
instanceKlass org/thymeleaf/engine/IThrottledTemplateWriterControl
instanceKlass org/thymeleaf/engine/ITemplateHandler
instanceKlass org/thymeleaf/templateparser/ITemplateParser
instanceKlass org/thymeleaf/engine/TemplateManager
instanceKlass org/thymeleaf/engine/AttributeDefinitions$1
instanceKlass org/thymeleaf/engine/AttributeDefinitions$AttributeDefinitionRepository
instanceKlass org/thymeleaf/engine/AttributeDefinition
instanceKlass org/thymeleaf/engine/AttributeDefinitions
instanceKlass org/thymeleaf/engine/ElementDefinitions$ElementDefinitionRepository
instanceKlass org/thymeleaf/engine/ElementDefinitions$HTMLElementDefinitionSpec
instanceKlass org/thymeleaf/engine/ElementDefinition
instanceKlass org/thymeleaf/engine/ElementDefinitions
instanceKlass java/util/EnumMap$EntryIterator$Entry
instanceKlass org/thymeleaf/dialect/IPostProcessorDialect
instanceKlass org/thymeleaf/dialect/IPreProcessorDialect
instanceKlass org/thymeleaf/spring5/expression/Mvc$MethodArgumentBuilderWrapper
instanceKlass org/thymeleaf/spring5/expression/Mvc$Spring41MvcUriComponentsBuilderDelegate
instanceKlass org/thymeleaf/spring5/expression/Mvc$MvcUriComponentsBuilderDelegate
instanceKlass org/thymeleaf/spring5/expression/Mvc
instanceKlass org/thymeleaf/expression/Aggregates
instanceKlass org/thymeleaf/expression/Maps
instanceKlass org/thymeleaf/expression/Sets
instanceKlass org/thymeleaf/expression/Lists
instanceKlass org/thymeleaf/expression/Arrays
instanceKlass org/thymeleaf/expression/Objects
instanceKlass org/thymeleaf/expression/Bools
instanceKlass org/thymeleaf/expression/Uris
instanceKlass org/thymeleaf/standard/expression/StandardExpressionObjectFactory
instanceKlass org/thymeleaf/standard/serializer/StandardCSSSerializer
instanceKlass com/fasterxml/jackson/core/io/CharTypes
instanceKlass org/thymeleaf/standard/serializer/StandardJavaScriptSerializer$JacksonStandardJavaScriptSerializer
instanceKlass org/thymeleaf/standard/serializer/StandardJavaScriptSerializer
instanceKlass org/thymeleaf/standard/expression/AbstractStandardConversionService
instanceKlass org/thymeleaf/standard/expression/IStandardExpression
instanceKlass org/thymeleaf/standard/expression/StandardExpressionParser
instanceKlass org/thymeleaf/spring5/expression/SPELVariableExpressionEvaluator
instanceKlass org/thymeleaf/util/ProcessorComparators$PostProcessorPrecedenceComparator
instanceKlass org/thymeleaf/util/ProcessorComparators$PreProcessorPrecedenceComparator
instanceKlass org/thymeleaf/util/ProcessorComparators$ProcessorPrecedenceComparator
instanceKlass org/thymeleaf/util/ProcessorComparators
instanceKlass org/thymeleaf/util/ProcessorConfigurationUtils$AbstractProcessorWrapper
instanceKlass org/thymeleaf/engine/IElementDefinitionsAware
instanceKlass org/thymeleaf/processor/processinginstruction/IProcessingInstructionProcessor
instanceKlass org/thymeleaf/postprocessor/IPostProcessor
instanceKlass org/thymeleaf/processor/xmldeclaration/IXMLDeclarationProcessor
instanceKlass org/thymeleaf/preprocessor/IPreProcessor
instanceKlass org/thymeleaf/util/ProcessorConfigurationUtils
instanceKlass org/thymeleaf/model/ITemplateEvent
instanceKlass org/thymeleaf/processor/templateboundaries/ITemplateBoundariesProcessor
instanceKlass org/thymeleaf/processor/comment/ICommentProcessor
instanceKlass org/thymeleaf/processor/doctype/IDocTypeProcessor
instanceKlass org/thymeleaf/processor/cdatasection/ICDATASectionProcessor
instanceKlass org/thymeleaf/processor/text/ITextProcessor
instanceKlass org/thymeleaf/processor/element/MatchingElementName
instanceKlass org/thymeleaf/engine/ElementNames$ElementNamesRepository
instanceKlass org/thymeleaf/engine/ElementName
instanceKlass org/thymeleaf/engine/ElementNames
instanceKlass org/thymeleaf/inline/IInliner
instanceKlass org/thymeleaf/model/IModel
instanceKlass org/thymeleaf/util/StringUtils
instanceKlass org/thymeleaf/processor/element/MatchingAttributeName
instanceKlass org/thymeleaf/util/TextUtils
instanceKlass org/thymeleaf/engine/AttributeNames$AttributeNamesRepository
instanceKlass org/thymeleaf/engine/AttributeName
instanceKlass org/thymeleaf/engine/AttributeNames
instanceKlass org/thymeleaf/processor/AbstractProcessor
instanceKlass org/thymeleaf/processor/element/IElementTagProcessor
instanceKlass org/thymeleaf/processor/element/IElementProcessor
instanceKlass org/thymeleaf/processor/IProcessor
instanceKlass org/thymeleaf/engine/IAttributeDefinitionsAware
instanceKlass org/thymeleaf/DialectSetConfiguration$AggregateExpressionObjectFactory
instanceKlass org/thymeleaf/DialectSetConfiguration
instanceKlass org/thymeleaf/EngineConfiguration$LinkBuilderComparator
instanceKlass org/thymeleaf/EngineConfiguration$MessageResolverComparator
instanceKlass org/thymeleaf/EngineConfiguration$TemplateResolverComparator
instanceKlass org/thymeleaf/EngineConfiguration
instanceKlass org/thymeleaf/spring5/expression/SPELContextPropertyAccessor
instanceKlass org/thymeleaf/spring5/expression/IThymeleafEvaluationContext
instanceKlass org/thymeleaf/spring5/context/webmvc/SpringWebMvcThymeleafRequestDataValueProcessor
instanceKlass org/thymeleaf/spring5/context/IThymeleafRequestDataValueProcessor
instanceKlass org/thymeleaf/spring5/context/webmvc/SpringWebMvcThymeleafRequestContext
instanceKlass org/thymeleaf/spring5/context/IThymeleafRequestContext
instanceKlass org/springframework/web/servlet/view/AbstractView$$Lambda$557
instanceKlass org/springframework/web/servlet/support/RequestContext
instanceKlass org/springframework/http/MediaType$$Lambda$556
instanceKlass org/springframework/http/MediaType$$Lambda$555
instanceKlass org/springframework/web/method/annotation/SessionAttributesHandler$$Lambda$554
instanceKlass org/springframework/util/PatternMatchUtils
instanceKlass org/springframework/web/context/request/async/WebAsyncTask
instanceKlass java/util/concurrent/CompletionStage
instanceKlass org/springframework/web/context/request/async/DeferredResult
instanceKlass org/springframework/web/servlet/mvc/method/annotation/StreamingResponseBody
instanceKlass org/springframework/web/method/support/AsyncHandlerMethodReturnValueHandler
instanceKlass org/springframework/jdbc/core/JdbcTemplate$1QueryStatementCallback
instanceKlass org/springframework/jdbc/core/SqlProvider
instanceKlass org/springframework/jdbc/core/RowMapperResultSetExtractor
instanceKlass com/tawanda/dickensdev/service/StoriesService$$Lambda$553
instanceKlass java/lang/invoke/LambdaForm$DMH
instanceKlass org/springframework/aop/framework/InterceptorAndDynamicMethodMatcher
instanceKlass org/springframework/aop/framework/ReflectiveMethodInvocation
instanceKlass org/springframework/aop/ProxyMethodInvocation
instanceKlass org/springframework/web/bind/annotation/RequestAttribute
instanceKlass org/springframework/web/bind/annotation/SessionAttribute
instanceKlass org/springframework/web/bind/annotation/CookieValue
instanceKlass org/springframework/web/bind/annotation/RequestHeader
instanceKlass org/springframework/web/bind/annotation/RequestBody
instanceKlass org/springframework/web/bind/annotation/MatrixVariable
instanceKlass org/springframework/web/bind/annotation/PathVariable
instanceKlass org/springframework/web/multipart/MultipartFile
instanceKlass org/springframework/web/multipart/support/MultipartResolutionDelegate
instanceKlass org/springframework/web/bind/annotation/RequestPart
instanceKlass org/springframework/web/bind/annotation/RequestParam
instanceKlass org/springframework/web/context/request/async/WebAsyncManager$$Lambda$552
instanceKlass javax/servlet/AsyncListener
instanceKlass org/springframework/web/bind/annotation/ModelAttribute
instanceKlass org/springframework/ui/ModelMap$$Lambda$551
instanceKlass org/springframework/web/servlet/support/RequestContextUtils
instanceKlass org/springframework/web/bind/support/SimpleSessionStatus
instanceKlass org/springframework/web/bind/support/SessionStatus
instanceKlass org/springframework/web/servlet/mvc/method/annotation/RequestMappingHandlerAdapter$$Lambda$550
instanceKlass org/springframework/web/bind/annotation/SessionAttributes
instanceKlass org/springframework/web/servlet/mvc/method/annotation/RequestMappingHandlerAdapter$$Lambda$549
instanceKlass org/springframework/web/bind/annotation/InitBinder
instanceKlass org/springframework/core/MethodIntrospector$$Lambda$548
instanceKlass org/springframework/orm/jpa/support/AsyncRequestInterceptor
instanceKlass org/springframework/transaction/support/ResourceHolderSupport
instanceKlass org/springframework/transaction/support/ResourceHolder
instanceKlass org/springframework/orm/jpa/ExtendedEntityManagerCreator$ExtendedEntityManagerInvocationHandler
instanceKlass org/springframework/orm/jpa/EntityManagerProxy
instanceKlass org/springframework/orm/jpa/ExtendedEntityManagerCreator
instanceKlass org/hibernate/internal/SessionFactoryImpl$$Lambda$547
instanceKlass org/hibernate/jpa/internal/util/CacheModeHelper$1
instanceKlass org/hibernate/jpa/internal/util/ConfigurationHelper
instanceKlass org/hibernate/jpa/internal/util/CacheModeHelper
instanceKlass org/hibernate/stat/internal/DeprecatedNaturalIdCacheStatisticsImpl
instanceKlass org/hibernate/stat/internal/AbstractCacheableDataStatistics
instanceKlass org/hibernate/stat/internal/QueryStatisticsImpl
instanceKlass org/hibernate/stat/internal/CacheRegionStatisticsImpl
instanceKlass org/hibernate/stat/internal/StatsNamedContainer
instanceKlass java/util/concurrent/atomic/Striped64$Cell
instanceKlass org/hibernate/stat/NaturalIdCacheStatistics
instanceKlass org/hibernate/stat/SecondLevelCacheStatistics
instanceKlass org/hibernate/stat/EntityStatistics
instanceKlass org/hibernate/stat/NaturalIdStatistics
instanceKlass org/hibernate/stat/CollectionStatistics
instanceKlass org/hibernate/stat/CacheableDataStatistics
instanceKlass org/hibernate/stat/QueryStatistics
instanceKlass org/hibernate/stat/CacheRegionStatistics
instanceKlass org/hibernate/stat/internal/StatisticsImpl
instanceKlass org/hibernate/engine/spi/LoadQueryInfluencers
instanceKlass org/hibernate/internal/ExceptionMapperStandardImpl
instanceKlass org/hibernate/internal/util/collections/IdentityMap
instanceKlass org/hibernate/engine/spi/ManagedEntity
instanceKlass org/hibernate/engine/spi/Managed
instanceKlass org/hibernate/engine/internal/EntityEntryContext
instanceKlass org/hibernate/internal/util/collections/ConcurrentReferenceHashMap$HashEntry
instanceKlass org/hibernate/engine/internal/StatefulPersistenceContext$1
instanceKlass org/hibernate/engine/internal/NaturalIdXrefDelegate
instanceKlass org/hibernate/engine/spi/PersistenceContext$NaturalIdHelper
instanceKlass org/hibernate/engine/internal/StatefulPersistenceContext
instanceKlass org/hibernate/action/internal/CollectionAction
instanceKlass org/hibernate/engine/spi/ExecutableList$Sorter
instanceKlass org/hibernate/engine/spi/ActionQueue$ListProvider
instanceKlass org/hibernate/engine/spi/ActionQueue
instanceKlass org/hibernate/internal/ExceptionConverterImpl
instanceKlass org/hibernate/resource/transaction/internal/SynchronizationRegistryStandardImpl
instanceKlass org/hibernate/resource/transaction/spi/SynchronizationRegistryImplementor
instanceKlass org/hibernate/resource/transaction/spi/TransactionCoordinator$TransactionDriver
instanceKlass org/hibernate/resource/transaction/spi/SynchronizationRegistry
instanceKlass org/hibernate/engine/transaction/spi/IsolationDelegate
instanceKlass org/hibernate/resource/transaction/backend/jdbc/internal/JdbcResourceLocalTransactionCoordinatorImpl
instanceKlass org/hibernate/tool/schema/internal/exec/JdbcContext
instanceKlass org/hibernate/resource/transaction/spi/TransactionCoordinator
instanceKlass org/hibernate/resource/transaction/spi/DdlTransactionIsolator
instanceKlass org/hibernate/internal/NonContextualJdbcConnectionAccess
instanceKlass org/hibernate/resource/jdbc/internal/AbstractLogicalConnectionImplementor
instanceKlass org/hibernate/resource/jdbc/spi/PhysicalJdbcTransaction
instanceKlass org/hibernate/resource/jdbc/internal/ResourceRegistryStandardImpl
instanceKlass org/hibernate/engine/jdbc/spi/ResultSetReturn
instanceKlass org/hibernate/engine/jdbc/spi/StatementPreparer
instanceKlass org/hibernate/resource/transaction/backend/jdbc/spi/JdbcResourceTransaction
instanceKlass org/hibernate/resource/jdbc/spi/LogicalConnectionImplementor
instanceKlass org/hibernate/resource/jdbc/LogicalConnection
instanceKlass org/hibernate/resource/jdbc/ResourceRegistry
instanceKlass org/hibernate/engine/jdbc/internal/JdbcCoordinatorImpl
instanceKlass org/hibernate/internal/SharedSessionCreationOptions
instanceKlass org/hibernate/internal/CoordinatingEntityNameResolver
instanceKlass org/hibernate/internal/ConnectionObserverStatsBridge
instanceKlass org/hibernate/engine/jdbc/spi/ConnectionObserver
instanceKlass org/hibernate/internal/JdbcObserverImpl
instanceKlass org/hibernate/resource/jdbc/spi/JdbcObserver
instanceKlass org/hibernate/internal/JdbcSessionContextImpl
instanceKlass org/hibernate/internal/AbstractSharedSessionContract$$Lambda$546
instanceKlass org/hibernate/EmptyInterceptor
instanceKlass org/hibernate/cache/spi/AbstractCacheTransactionSynchronization
instanceKlass org/hibernate/engine/internal/SessionEventListenerManagerImpl
instanceKlass org/hibernate/internal/SessionImpl$$Lambda$545
instanceKlass java/lang/invoke/LambdaForm$DMH
instanceKlass org/hibernate/engine/transaction/spi/TransactionObserver
instanceKlass org/hibernate/jdbc/WorkExecutorVisitable
instanceKlass org/hibernate/Criteria
instanceKlass org/hibernate/criterion/CriteriaSpecification
instanceKlass org/hibernate/engine/spi/PersistenceContext
instanceKlass org/hibernate/internal/SessionImpl$ManagedFlushCheckerStandardImpl
instanceKlass org/hibernate/engine/transaction/spi/TransactionImplementor
instanceKlass org/hibernate/Transaction
instanceKlass javax/persistence/EntityTransaction
instanceKlass org/hibernate/engine/spi/SessionEventListenerManager
instanceKlass org/hibernate/procedure/ProcedureCall
instanceKlass javax/persistence/StoredProcedureQuery
instanceKlass org/hibernate/query/spi/NativeQueryImplementor
instanceKlass org/hibernate/engine/spi/NamedQueryDefinition
instanceKlass org/hibernate/transform/ResultTransformer
instanceKlass org/hibernate/query/spi/QueryImplementor
instanceKlass org/hibernate/engine/spi/ExceptionConverter
instanceKlass org/hibernate/engine/jdbc/spi/JdbcCoordinator
instanceKlass org/hibernate/resource/transaction/backend/jdbc/spi/JdbcResourceTransactionAccess
instanceKlass org/hibernate/resource/transaction/spi/TransactionCoordinatorOwner
instanceKlass org/hibernate/EntityNameResolver
instanceKlass org/hibernate/resource/jdbc/spi/JdbcSessionContext
instanceKlass org/hibernate/internal/AbstractSharedSessionContract
instanceKlass org/hibernate/event/spi/EventSource
instanceKlass org/hibernate/resource/transaction/backend/jta/internal/synchronization/ManagedFlushChecker
instanceKlass org/hibernate/resource/transaction/backend/jta/internal/synchronization/AfterCompletionAction
instanceKlass org/hibernate/resource/transaction/backend/jta/internal/synchronization/ExceptionMapper
instanceKlass org/hibernate/internal/SessionFactoryImpl$SessionBuilderImpl
instanceKlass org/hibernate/internal/SessionCreationOptions
instanceKlass org/springframework/web/servlet/mvc/method/RequestMappingInfoHandlerMapping$$Lambda$544
instanceKlass org/springframework/web/servlet/handler/AbstractHandlerMethodMapping$MatchComparator
instanceKlass org/springframework/web/servlet/handler/AbstractHandlerMethodMapping$Match
instanceKlass org/springframework/web/cors/CorsUtils
instanceKlass org/springframework/util/AntPathMatcher$AntPatternComparator
instanceKlass org/springframework/web/util/UriUtils
instanceKlass org/springframework/web/util/WebUtils
instanceKlass org/springframework/core/log/LogFormatUtils
instanceKlass org/springframework/web/servlet/DispatcherServlet$$Lambda$543
instanceKlass org/springframework/web/servlet/FrameworkServlet$RequestBindingInterceptor
instanceKlass org/springframework/web/servlet/DispatcherServlet$$Lambda$542
instanceKlass org/springframework/web/servlet/LocaleContextResolver
instanceKlass org/springframework/expression/common/ExpressionUtils
instanceKlass org/springframework/expression/spel/support/ReflectivePropertyAccessor$OptimalPropertyAccessor
instanceKlass org/springframework/expression/spel/support/ReflectivePropertyAccessor$InvokerPair
instanceKlass org/springframework/expression/spel/support/ReflectivePropertyAccessor$$Lambda$541
instanceKlass org/springframework/expression/spel/support/ReflectivePropertyAccessor$$Lambda$540
instanceKlass org/springframework/expression/spel/support/ReflectivePropertyAccessor$PropertyCacheKey
instanceKlass org/springframework/security/access/expression/ExpressionUtils
instanceKlass org/springframework/security/web/access/expression/DelegatingEvaluationContext
instanceKlass org/springframework/security/access/expression/SecurityExpressionRoot
instanceKlass org/springframework/security/web/FilterInvocation$1
instanceKlass org/springframework/security/web/authentication/WebAuthenticationDetails
instanceKlass org/springframework/security/web/context/HttpRequestResponseHolder
instanceKlass org/springframework/web/context/request/async/CallableProcessingInterceptorAdapter
instanceKlass org/springframework/security/web/FilterChainProxy$VirtualFilterChain
instanceKlass org/springframework/context/i18n/SimpleLocaleContext
instanceKlass org/springframework/context/i18n/LocaleContextHolder
instanceKlass sun/util/locale/InternalLocaleBuilder$CaseInsensitiveChar
instanceKlass sun/util/locale/InternalLocaleBuilder
instanceKlass sun/util/locale/StringTokenIterator
instanceKlass sun/util/locale/ParseStatus
instanceKlass org/apache/tomcat/util/http/parser/AcceptLanguage
instanceKlass org/springframework/web/context/request/async/TimeoutDeferredResultProcessingInterceptor
instanceKlass org/springframework/web/context/request/async/TimeoutCallableProcessingInterceptor
instanceKlass org/springframework/web/context/request/async/AsyncWebRequest
instanceKlass org/springframework/web/context/request/async/WebAsyncUtils
instanceKlass org/apache/catalina/util/TLSUtil
instanceKlass org/apache/catalina/connector/ResponseFacade
instanceKlass org/apache/catalina/core/ApplicationFilterFactory$1
instanceKlass org/apache/catalina/core/ApplicationDispatcher
instanceKlass org/apache/catalina/AsyncDispatcher
instanceKlass org/apache/catalina/core/ApplicationFilterChain
instanceKlass org/apache/catalina/core/ApplicationFilterFactory
instanceKlass org/springframework/web/servlet/support/AbstractFlashMapManager
instanceKlass org/springframework/web/servlet/view/DefaultRequestToViewNameTranslator
instanceKlass org/springframework/web/servlet/theme/AbstractThemeResolver
instanceKlass org/springframework/web/servlet/i18n/AcceptHeaderLocaleResolver
instanceKlass org/apache/coyote/AbstractProcessor$1
instanceKlass javax/security/auth/message/config/AuthConfigFactory$1
instanceKlass javax/security/auth/message/config/AuthConfigFactory$2
instanceKlass javax/security/auth/message/config/AuthConfigFactory
instanceKlass org/apache/catalina/connector/RequestFacade
instanceKlass org/apache/tomcat/util/http/parser/Cookie$ByteBuffer
instanceKlass org/apache/tomcat/util/http/parser/Cookie
instanceKlass org/apache/catalina/util/SessionConfig
instanceKlass org/apache/tomcat/util/buf/UEncoder
instanceKlass org/apache/tomcat/util/collections/ConcurrentCache
instanceKlass org/apache/tomcat/util/http/parser/MediaTypeCache
instanceKlass org/apache/catalina/core/ApplicationMapping
instanceKlass org/apache/catalina/mapper/MappingData
instanceKlass org/apache/catalina/util/ParameterMap
instanceKlass org/apache/tomcat/util/buf/ByteChunk$ByteInputChannel
instanceKlass org/apache/catalina/connector/Request$7
instanceKlass org/apache/catalina/connector/Request$6
instanceKlass org/apache/catalina/connector/Request$5
instanceKlass org/apache/catalina/connector/Request$4
instanceKlass org/apache/catalina/connector/Request$3
instanceKlass org/apache/catalina/connector/Request$2
instanceKlass org/apache/catalina/connector/Request$1
instanceKlass org/apache/catalina/connector/Request$SpecialAttributeAdapter
instanceKlass org/apache/tomcat/util/http/parser/Host
instanceKlass org/apache/coyote/http11/Constants
instanceKlass org/apache/tomcat/util/buf/Ascii
instanceKlass org/apache/tomcat/util/http/ValuesEnumerator
instanceKlass org/apache/coyote/http11/filters/GzipOutputFilter
instanceKlass org/apache/coyote/http11/filters/BufferedInputFilter
instanceKlass org/apache/coyote/http11/filters/VoidOutputFilter
instanceKlass org/apache/coyote/http11/filters/VoidInputFilter
instanceKlass org/apache/coyote/http11/filters/ChunkedOutputFilter
instanceKlass org/apache/coyote/http11/filters/ChunkedInputFilter
instanceKlass org/apache/coyote/http11/filters/IdentityOutputFilter
instanceKlass org/apache/coyote/http11/filters/IdentityInputFilter
instanceKlass org/apache/coyote/http11/Http11OutputBuffer$SocketOutputBuffer
instanceKlass org/apache/coyote/http11/Http11OutputBuffer
instanceKlass org/apache/coyote/http11/Http11InputBuffer$SocketInputBuffer
instanceKlass org/apache/coyote/http11/Http11InputBuffer$HeaderParseData
instanceKlass org/apache/coyote/http11/Http11InputBuffer
instanceKlass org/apache/tomcat/util/net/ApplicationBufferHandler
instanceKlass org/apache/tomcat/util/http/parser/HttpParser
instanceKlass org/apache/coyote/AsyncStateMachine
instanceKlass org/apache/coyote/RequestInfo
instanceKlass org/apache/tomcat/util/log/UserDataHelper
instanceKlass org/apache/tomcat/util/http/Parameters
instanceKlass org/apache/tomcat/util/http/ServerCookie
instanceKlass org/apache/tomcat/util/http/ServerCookies
instanceKlass org/apache/tomcat/util/http/MimeHeaderField
instanceKlass org/apache/tomcat/util/http/MimeHeaders
instanceKlass org/apache/tomcat/util/buf/MessageBytes$MessageBytesFactory
instanceKlass org/apache/tomcat/util/buf/MessageBytes
instanceKlass org/apache/coyote/http11/OutputFilter
instanceKlass org/apache/coyote/http11/HttpOutputBuffer
instanceKlass org/apache/coyote/http11/InputFilter
instanceKlass org/apache/coyote/OutputBuffer
instanceKlass org/apache/coyote/InputBuffer
instanceKlass org/apache/coyote/AbstractProcessorLight
instanceKlass org/apache/coyote/ActionHook
instanceKlass org/apache/tomcat/util/net/ContainerThreadMarker
instanceKlass org/apache/coyote/ContainerThreadMarker
instanceKlass sun/nio/ch/WindowsSelectorImpl$MapEntry
instanceKlass org/apache/tomcat/util/net/NioEndpoint$PollerEvent
instanceKlass java/util/concurrent/Semaphore
instanceKlass org/apache/tomcat/util/net/WriteBuffer
instanceKlass org/apache/tomcat/util/net/SocketWrapperBase$3
instanceKlass org/apache/tomcat/util/net/SocketWrapperBase$2
instanceKlass org/apache/tomcat/util/net/SocketWrapperBase$1
instanceKlass org/apache/tomcat/util/net/SocketWrapperBase$OperationState
instanceKlass org/apache/tomcat/util/net/SendfileDataBase
instanceKlass org/apache/tomcat/util/net/SocketWrapperBase$CompletionCheck
instanceKlass org/apache/tomcat/util/net/SocketBufferHandler
instanceKlass org/apache/tomcat/PeriodicEventListener
instanceKlass org/apache/catalina/webresources/Cache$EvictionOrder
instanceKlass org/springframework/boot/devtools/restart/Restarter$$Lambda$539
instanceKlass java/beans/WeakIdentityMap
instanceKlass java/beans/ThreadGroupContext
instanceKlass org/springframework/boot/CommandLineRunner
instanceKlass org/springframework/boot/ApplicationRunner
instanceKlass org/springframework/util/ConcurrentReferenceHashMap$EntryIterator
instanceKlass java/util/AbstractMap$1$1
instanceKlass org/springframework/beans/CachedIntrospectionResults$$Lambda$538
instanceKlass org/springframework/beans/CachedIntrospectionResults$$Lambda$537
instanceKlass org/springframework/beans/CachedIntrospectionResults$$Lambda$536
instanceKlass java/util/stream/Collectors$$Lambda$535
instanceKlass java/util/stream/Collectors$$Lambda$534
instanceKlass java/util/stream/Collectors$$Lambda$533
instanceKlass java/util/stream/Collectors$$Lambda$532
instanceKlass java/util/StringJoiner
instanceKlass org/springframework/boot/web/embedded/tomcat/TomcatWebServer$$Lambda$531
instanceKlass org/springframework/boot/web/embedded/tomcat/TomcatWebServer$$Lambda$530
instanceKlass org/springframework/boot/web/embedded/tomcat/TomcatWebServer$$Lambda$529
instanceKlass javax/servlet/SingleThreadModel
instanceKlass javax/servlet/annotation/MultipartConfig
instanceKlass org/springframework/boot/web/embedded/tomcat/TomcatEmbeddedContext$$Lambda$528
instanceKlass org/springframework/boot/web/embedded/tomcat/TomcatEmbeddedContext$$Lambda$527
instanceKlass java/util/TreeMap$TreeMapSpliterator
instanceKlass org/springframework/boot/web/embedded/tomcat/TomcatEmbeddedContext$$Lambda$526
instanceKlass org/apache/coyote/AbstractProtocol$2
instanceKlass org/springframework/boot/web/embedded/tomcat/TomcatEmbeddedContext$$Lambda$525
instanceKlass org/apache/coyote/AbstractProtocol$1
instanceKlass org/apache/tomcat/util/net/Acceptor
instanceKlass org/apache/tomcat/util/net/NioEndpoint$Poller
instanceKlass org/apache/tomcat/util/threads/ThreadPoolExecutor$RejectHandler
instanceKlass java/nio/channels/spi/AbstractSelector$1
instanceKlass org/apache/tomcat/util/collections/SynchronizedQueue
instanceKlass org/apache/tomcat/util/net/NioBlockingSelector
instanceKlass sun/nio/ch/OptionKey
instanceKlass sun/nio/ch/SocketOptionRegistry$LazyInitialization
instanceKlass sun/nio/ch/SocketOptionRegistry$RegistryKey
instanceKlass sun/nio/ch/SocketOptionRegistry
instanceKlass jdk/net/SocketFlow
instanceKlass sun/net/ExtendedOptionsImpl$$Lambda$524
instanceKlass sun/net/ExtendedOptionsImpl
instanceKlass sun/nio/ch/ExtendedSocketOption$1
instanceKlass sun/nio/ch/ExtendedSocketOption
instanceKlass sun/nio/ch/SocketChannelImpl$DefaultOptionsHolder
instanceKlass java/net/StandardSocketOptions$StdSocketOption
instanceKlass java/net/SocketOption
instanceKlass java/net/StandardSocketOptions
instanceKlass sun/nio/ch/PipeImpl$Initializer$LoopbackConnector
instanceKlass sun/nio/ch/PipeImpl$Initializer
instanceKlass java/nio/channels/Pipe
instanceKlass sun/nio/ch/NativeObject
instanceKlass sun/nio/ch/PollArrayWrapper
instanceKlass sun/nio/ch/WindowsSelectorImpl$FinishLock
instanceKlass sun/nio/ch/WindowsSelectorImpl$StartLock
instanceKlass sun/nio/ch/WindowsSelectorImpl$SubSelector
instanceKlass java/nio/channels/SelectionKey
instanceKlass sun/nio/ch/Util$3
instanceKlass java/nio/channels/Selector
instanceKlass sun/nio/ch/Net$3
instanceKlass sun/nio/ch/Net$4
instanceKlass sun/nio/ch/Net$1
instanceKlass java/net/ProtocolFamily
instanceKlass sun/nio/ch/Net
instanceKlass sun/nio/ch/SelChImpl
instanceKlass sun/nio/ch/DefaultSelectorProvider
instanceKlass java/nio/channels/spi/SelectorProvider$1
instanceKlass java/nio/channels/spi/SelectorProvider
instanceKlass org/springframework/context/support/LiveBeansView
instanceKlass org/springframework/context/support/LiveBeansViewMBean
instanceKlass org/springframework/boot/devtools/restart/classloader/ClassLoaderFile
instanceKlass org/springframework/boot/autoconfigure/condition/ConditionEvaluationReport$$Lambda$523
instanceKlass org/springframework/boot/autoconfigure/condition/ConditionEvaluationReport$$Lambda$522
instanceKlass java/lang/invoke/LambdaForm$MH
instanceKlass java/lang/invoke/LambdaForm$DMH
instanceKlass java/lang/invoke/LambdaForm$DMH
instanceKlass org/springframework/context/support/DefaultLifecycleProcessor$$Lambda$521
instanceKlass java/lang/invoke/LambdaForm$DMH
instanceKlass org/springframework/context/support/DefaultLifecycleProcessor
instanceKlass org/springframework/jmx/support/ObjectNameManager
instanceKlass org/springframework/jmx/export/naming/SelfNaming
instanceKlass org/springframework/jmx/export/MBeanExporter$$Lambda$520
instanceKlass org/springframework/jmx/export/annotation/ManagedResource
instanceKlass org/springframework/jmx/export/MBeanExporter$$Lambda$519
instanceKlass org/springframework/jmx/export/MBeanExporter$$Lambda$518
instanceKlass org/springframework/context/event/EventListenerMethodProcessor$$Lambda$517
instanceKlass org/springframework/boot/devtools/restart/Restarter$LeakSafeThreadFactory$$Lambda$516
instanceKlass org/springframework/boot/devtools/livereload/LiveReloadServer$$Lambda$515
instanceKlass java/lang/invoke/LambdaForm$DMH
instanceKlass org/springframework/boot/devtools/livereload/Connection
instanceKlass org/springframework/boot/devtools/livereload/LiveReloadServer$WorkerThreadFactory
instanceKlass org/springframework/boot/devtools/restart/Restarter$LeakSafeThreadFactory
instanceKlass org/springframework/context/annotation/ScopedProxyCreator
instanceKlass org/springframework/beans/factory/support/AbstractBeanFactory$$Lambda$514
instanceKlass org/springframework/boot/devtools/filewatch/FileSystemWatcher$Watcher
instanceKlass org/springframework/boot/devtools/filewatch/FileSnapshot
instanceKlass org/springframework/boot/devtools/filewatch/FolderSnapshot
instanceKlass org/springframework/boot/devtools/classpath/ClassPathFileChangeListener
instanceKlass org/springframework/boot/devtools/classpath/ClassPathFolders
instanceKlass org/springframework/boot/devtools/filewatch/ChangedFile
instanceKlass org/springframework/boot/devtools/classpath/PatternClassPathRestartStrategy
instanceKlass org/springframework/boot/devtools/autoconfigure/LocalDevToolsAutoConfiguration$RestartConfiguration$$Lambda$513
instanceKlass org/springframework/boot/devtools/filewatch/FileChangeListener
instanceKlass org/springframework/boot/devtools/autoconfigure/RemoteDevToolsProperties$Proxy
instanceKlass org/springframework/boot/devtools/autoconfigure/RemoteDevToolsProperties$Restart
instanceKlass org/springframework/web/multipart/MultipartHttpServletRequest
instanceKlass org/springframework/web/multipart/MultipartRequest
instanceKlass org/springframework/http/client/ClientHttpRequestFactory
instanceKlass org/springframework/http/client/support/BasicAuthenticationInterceptor
instanceKlass org/springframework/http/client/ClientHttpRequestInterceptor
instanceKlass org/springframework/web/client/ResponseErrorHandler
instanceKlass org/springframework/web/util/UriTemplateHandler
instanceKlass org/springframework/boot/web/client/RestTemplateBuilder$RequestFactoryCustomizer
instanceKlass org/springframework/boot/web/client/RestTemplateCustomizer
instanceKlass org/springframework/transaction/support/TransactionCallback
instanceKlass org/springframework/boot/task/TaskSchedulerBuilder$$Lambda$512
instanceKlass org/springframework/boot/task/TaskSchedulerCustomizer
instanceKlass org/springframework/security/web/servlet/support/csrf/CsrfRequestDataValueProcessor
instanceKlass org/springframework/security/web/access/DefaultWebInvocationPrivilegeEvaluator
instanceKlass javax/servlet/ServletRequestWrapper
instanceKlass org/springframework/security/web/firewall/StrictHttpFirewall
instanceKlass org/springframework/security/web/FilterChainProxy$NullFilterChainValidator
instanceKlass org/springframework/security/web/FilterChainProxy$FilterChainValidator
instanceKlass org/springframework/security/web/DefaultSecurityFilterChain
instanceKlass org/springframework/security/web/SecurityFilterChain
instanceKlass org/springframework/security/access/intercept/AfterInvocationManager
instanceKlass org/springframework/security/access/intercept/InterceptorStatusToken
instanceKlass org/springframework/security/access/intercept/AbstractSecurityInterceptor$$Lambda$511
instanceKlass org/springframework/security/access/intercept/AbstractSecurityInterceptor$$Lambda$510
instanceKlass org/springframework/security/access/intercept/AbstractSecurityInterceptor$$Lambda$509
instanceKlass org/springframework/security/web/access/expression/WebExpressionVoter
instanceKlass org/springframework/security/access/AccessDecisionVoter
instanceKlass org/springframework/security/access/vote/AbstractAccessDecisionManager
instanceKlass org/springframework/security/access/AccessDecisionManager
instanceKlass org/springframework/security/access/intercept/NullRunAsManager
instanceKlass org/springframework/security/access/intercept/AbstractSecurityInterceptor$NoOpAuthenticationManager
instanceKlass org/springframework/security/access/intercept/RunAsManager
instanceKlass org/springframework/security/web/access/expression/WebExpressionConfigAttribute
instanceKlass org/springframework/security/web/access/expression/ExpressionBasedFilterInvocationSecurityMetadataSource$$Lambda$508
instanceKlass org/springframework/security/access/hierarchicalroles/RoleHierarchy
instanceKlass org/springframework/security/web/access/expression/AbstractVariableEvaluationContextPostProcessor
instanceKlass org/springframework/security/web/access/expression/EvaluationContextPostProcessor
instanceKlass org/springframework/security/web/access/intercept/DefaultFilterInvocationSecurityMetadataSource
instanceKlass org/springframework/security/config/core/GrantedAuthorityDefaults
instanceKlass org/springframework/security/web/servletapi/HttpServlet3RequestFactory
instanceKlass org/springframework/security/web/access/ExceptionTranslationFilter$DefaultThrowableAnalyzer$1
instanceKlass org/springframework/security/web/util/ThrowableAnalyzer$3
instanceKlass org/springframework/security/web/util/ThrowableAnalyzer$2
instanceKlass org/springframework/security/web/util/ThrowableAnalyzer$1
instanceKlass org/springframework/security/web/util/ThrowableCauseExtractor
instanceKlass org/springframework/security/web/access/AccessDeniedHandlerImpl
instanceKlass org/springframework/security/web/util/ThrowableAnalyzer
instanceKlass org/springframework/security/config/annotation/web/configurers/PermitAllSupport$ExactUrlRequestMatcher
instanceKlass org/springframework/security/config/annotation/web/configurers/PermitAllSupport
instanceKlass org/springframework/security/config/annotation/web/configurers/DefaultLoginPageConfigurer$$Lambda$507
instanceKlass org/springframework/security/authentication/AnonymousAuthenticationProvider
instanceKlass org/springframework/security/web/util/matcher/AndRequestMatcher
instanceKlass org/springframework/security/web/util/matcher/RequestHeaderRequestMatcher
instanceKlass org/springframework/security/web/util/matcher/MediaTypeRequestMatcher
instanceKlass org/springframework/security/web/util/matcher/NegatedRequestMatcher
instanceKlass org/springframework/security/web/authentication/session/CompositeSessionAuthenticationStrategy
instanceKlass org/springframework/security/core/context/SecurityContextImpl
instanceKlass org/springframework/security/core/context/SecurityContext
instanceKlass org/springframework/security/core/context/ThreadLocalSecurityContextHolderStrategy
instanceKlass org/springframework/security/core/context/SecurityContextHolderStrategy
instanceKlass org/springframework/security/core/context/SecurityContextHolder
instanceKlass javax/servlet/ServletResponseWrapper
instanceKlass org/springframework/security/web/context/HttpSessionSecurityContextRepository
instanceKlass org/springframework/security/config/annotation/web/builders/WebSecurity$$Lambda$506
instanceKlass org/springframework/security/config/annotation/web/configuration/WebSecurityConfigurerAdapter$2
instanceKlass org/springframework/security/web/authentication/SimpleUrlAuthenticationFailureHandler$$Lambda$505
instanceKlass org/springframework/security/web/util/UrlUtils
instanceKlass org/springframework/security/web/authentication/LoginUrlAuthenticationEntryPoint
instanceKlass org/springframework/security/web/authentication/SimpleUrlAuthenticationFailureHandler
instanceKlass org/springframework/security/web/PortMapperImpl
instanceKlass org/springframework/security/web/PortMapper
instanceKlass org/springframework/security/web/PortResolverImpl
instanceKlass org/springframework/security/web/PortResolver
instanceKlass org/springframework/security/web/savedrequest/HttpSessionRequestCache
instanceKlass org/springframework/security/web/DefaultRedirectStrategy
instanceKlass org/springframework/security/web/RedirectStrategy
instanceKlass org/springframework/security/web/authentication/AbstractAuthenticationTargetUrlRequestHandler
instanceKlass org/springframework/security/web/authentication/session/NullAuthenticatedSessionStrategy
instanceKlass org/springframework/security/web/authentication/NullRememberMeServices
instanceKlass org/springframework/security/web/authentication/WebAuthenticationDetailsSource
instanceKlass org/springframework/security/web/authentication/RememberMeServices
instanceKlass org/springframework/security/authentication/AuthenticationDetailsSource
instanceKlass org/springframework/security/web/authentication/AuthenticationSuccessHandler
instanceKlass org/springframework/security/config/annotation/web/configurers/AbstractConfigAttributeRequestMatcherRegistry$UrlMapping
instanceKlass org/springframework/security/access/SecurityConfig
instanceKlass org/springframework/security/access/ConfigAttribute
instanceKlass org/springframework/security/config/annotation/web/configurers/ExpressionUrlAuthorizationConfigurer$AuthorizedUrl
instanceKlass org/springframework/security/web/util/matcher/AntPathRequestMatcher$SubpathMatcher
instanceKlass org/springframework/security/config/annotation/web/AbstractRequestMatcherRegistry$RequestMatchers
instanceKlass org/springframework/security/web/access/intercept/FilterInvocationSecurityMetadataSource
instanceKlass org/springframework/security/access/SecurityMetadataSource
instanceKlass org/springframework/security/web/authentication/logout/SecurityContextLogoutHandler
instanceKlass org/springframework/security/web/authentication/logout/LogoutSuccessHandler
instanceKlass org/springframework/security/web/authentication/ui/DefaultLogoutPageGeneratingFilter$$Lambda$504
instanceKlass org/springframework/security/web/util/matcher/AntPathRequestMatcher$SpringAntMatcher
instanceKlass org/springframework/security/web/util/matcher/AntPathRequestMatcher$Matcher
instanceKlass org/springframework/security/web/util/matcher/AntPathRequestMatcher
instanceKlass org/springframework/security/web/util/matcher/RequestVariablesExtractor
instanceKlass org/springframework/security/web/authentication/ui/DefaultLoginPageGeneratingFilter$$Lambda$503
instanceKlass org/springframework/security/web/servletapi/HttpServletRequestFactory
instanceKlass org/springframework/security/core/authority/AuthorityUtils
instanceKlass org/springframework/security/web/context/SecurityContextRepository
instanceKlass javax/servlet/http/Part
instanceKlass javax/servlet/http/HttpUpgradeHandler
instanceKlass org/springframework/security/web/authentication/session/AbstractSessionFixationProtectionStrategy$NullEventPublisher
instanceKlass org/springframework/security/web/authentication/session/AbstractSessionFixationProtectionStrategy
instanceKlass org/springframework/security/core/session/SessionRegistry
instanceKlass org/springframework/security/web/session/SessionInformationExpiredStrategy
instanceKlass org/springframework/security/web/session/InvalidSessionStrategy
instanceKlass org/springframework/security/web/authentication/AuthenticationFailureHandler
instanceKlass org/springframework/security/config/annotation/web/configurers/HeadersConfigurer$FeaturePolicyConfig
instanceKlass org/springframework/security/config/annotation/web/configurers/HeadersConfigurer$ReferrerPolicyConfig
instanceKlass org/springframework/security/config/annotation/web/configurers/HeadersConfigurer$ContentSecurityPolicyConfig
instanceKlass org/springframework/security/config/annotation/web/configurers/HeadersConfigurer$HpkpConfig
instanceKlass org/springframework/security/web/header/writers/frameoptions/XFrameOptionsHeaderWriter
instanceKlass org/springframework/security/config/annotation/web/configurers/HeadersConfigurer$FrameOptionsConfig
instanceKlass org/springframework/security/web/header/writers/HstsHeaderWriter$SecureRequestMatcher
instanceKlass org/springframework/security/web/header/writers/HstsHeaderWriter
instanceKlass org/springframework/security/config/annotation/web/configurers/HeadersConfigurer$HstsConfig
instanceKlass javax/servlet/http/Cookie
instanceKlass org/springframework/security/web/header/writers/CacheControlHeadersWriter
instanceKlass org/springframework/security/config/annotation/web/configurers/HeadersConfigurer$CacheControlConfig
instanceKlass org/springframework/security/web/header/writers/XXssProtectionHeaderWriter
instanceKlass org/springframework/security/config/annotation/web/configurers/HeadersConfigurer$XXssConfig
instanceKlass org/springframework/security/web/header/Header
instanceKlass org/springframework/security/web/header/writers/StaticHeadersWriter
instanceKlass org/springframework/security/web/header/HeaderWriter
instanceKlass org/springframework/security/config/annotation/web/configurers/HeadersConfigurer$ContentTypeOptionsConfig
instanceKlass org/springframework/security/web/savedrequest/RequestCache
instanceKlass org/springframework/security/web/AuthenticationEntryPoint
instanceKlass org/springframework/security/web/csrf/CsrfFilter$DefaultRequiresCsrfMatcher
instanceKlass org/springframework/security/web/csrf/HttpSessionCsrfTokenRepository
instanceKlass org/springframework/security/web/csrf/CsrfToken
instanceKlass org/springframework/security/web/csrf/LazyCsrfTokenRepository
instanceKlass org/springframework/security/config/annotation/SecurityConfigurerAdapter$CompositeObjectPostProcessor
instanceKlass org/springframework/security/web/access/AccessDeniedHandler
instanceKlass org/springframework/security/web/authentication/session/SessionAuthenticationStrategy
instanceKlass org/springframework/security/web/authentication/logout/LogoutHandler
instanceKlass org/springframework/security/web/csrf/CsrfTokenRepository
instanceKlass org/springframework/security/config/annotation/web/builders/FilterComparator$Step
instanceKlass org/springframework/security/config/annotation/web/builders/FilterComparator
instanceKlass org/springframework/security/config/annotation/web/configuration/WebSecurityConfigurerAdapter$UserDetailsServiceDelegator
instanceKlass org/springframework/security/authentication/ProviderManager$NullEventPublisher
instanceKlass org/springframework/security/web/firewall/HttpFirewall
instanceKlass org/springframework/security/web/util/matcher/AnyRequestMatcher
instanceKlass org/springframework/security/config/annotation/web/AbstractRequestMatcherRegistry
instanceKlass org/springframework/security/config/annotation/web/builders/WebSecurity$1
instanceKlass org/springframework/security/access/expression/DenyAllPermissionEvaluator
instanceKlass org/springframework/security/access/expression/SecurityExpressionOperations
instanceKlass org/springframework/security/access/PermissionEvaluator
instanceKlass org/springframework/security/access/expression/AbstractSecurityExpressionHandler
instanceKlass org/springframework/security/access/intercept/AbstractSecurityInterceptor
instanceKlass org/springframework/expression/spel/CodeFlow
instanceKlass org/springframework/expression/spel/ast/MethodReference$CachedMethodExecutor
instanceKlass org/springframework/expression/spel/support/ReflectiveMethodExecutor
instanceKlass org/springframework/expression/spel/support/ReflectionHelper$ArgumentsMatchInfo
instanceKlass org/springframework/expression/spel/support/ReflectionHelper
instanceKlass org/springframework/expression/spel/support/ReflectiveMethodResolver$$Lambda$502
instanceKlass org/springframework/expression/MethodExecutor
instanceKlass org/springframework/expression/spel/support/ReflectiveMethodResolver
instanceKlass org/springframework/expression/MethodResolver
instanceKlass org/springframework/expression/spel/ast/MethodReference$MethodValueRef
instanceKlass org/springframework/expression/spel/ExpressionState
instanceKlass org/springframework/expression/spel/standard/SpelExpression
instanceKlass org/springframework/expression/spel/ast/ValueRef
instanceKlass org/springframework/expression/spel/standard/Token
instanceKlass org/springframework/expression/spel/standard/Tokenizer
instanceKlass java/util/regex/Pattern$CharPropertyNames$CharPropertyFactory
instanceKlass java/util/regex/Pattern$CharPropertyNames
instanceKlass org/springframework/expression/spel/ast/SpelNodeImpl
instanceKlass org/springframework/expression/spel/SpelNode
instanceKlass org/springframework/expression/common/TemplateAwareExpressionParser$Bracket
instanceKlass org/springframework/security/authentication/ProviderManager
instanceKlass org/springframework/security/config/annotation/authentication/configuration/AuthenticationConfiguration$LazyPasswordEncoder
instanceKlass org/springframework/boot/autoconfigure/http/codec/CodecsAutoConfiguration$JacksonCodecConfiguration$$Lambda$501
instanceKlass org/springframework/boot/autoconfigure/http/codec/CodecsAutoConfiguration$LoggingCodecConfiguration$$Lambda$500
instanceKlass org/springframework/jdbc/core/namedparam/ParsedSql
instanceKlass org/springframework/jdbc/core/PreparedStatementCreatorFactory
instanceKlass org/springframework/jdbc/core/namedparam/SqlParameterSource
instanceKlass org/springframework/data/jpa/repository/support/JpaEvaluationContextExtension$JpaRootObject
instanceKlass org/springframework/data/jpa/repository/query/EscapeCharacter
instanceKlass org/springframework/transaction/support/AbstractPlatformTransactionManager$SuspendedResourcesHolder
instanceKlass org/springframework/jdbc/datasource/JdbcTransactionObjectSupport
instanceKlass org/springframework/transaction/support/SmartTransactionObject
instanceKlass org/springframework/transaction/support/AbstractTransactionStatus
instanceKlass org/springframework/boot/autoconfigure/transaction/TransactionManagerCustomizers$$Lambda$499
instanceKlass org/springframework/jmx/export/MBeanExporter$AutodetectCallback
instanceKlass org/springframework/jmx/support/NotificationListenerHolder
instanceKlass org/springframework/jmx/export/MBeanExporterListener
instanceKlass javax/management/Attribute
instanceKlass org/springframework/jmx/support/JmxUtils
instanceKlass org/springframework/jmx/support/MBeanServerFactoryBean
instanceKlass org/springframework/context/annotation/MBeanExportConfiguration
instanceKlass org/springframework/core/Constants$$Lambda$498
instanceKlass org/springframework/jmx/export/assembler/AutodetectCapableMBeanInfoAssembler
instanceKlass org/springframework/jmx/export/naming/KeyNamingStrategy
instanceKlass javax/management/modelmbean/ModelMBeanInfo
instanceKlass org/springframework/jmx/export/assembler/AbstractMBeanInfoAssembler
instanceKlass javax/management/modelmbean/ModelMBean
instanceKlass javax/management/PersistentMBean
instanceKlass org/springframework/jmx/export/notification/NotificationPublisher
instanceKlass org/springframework/jmx/export/assembler/MBeanInfoAssembler
instanceKlass org/springframework/jmx/export/annotation/AnnotationJmxAttributeSource
instanceKlass org/springframework/util/MimeType$$Lambda$497
instanceKlass org/thymeleaf/TemplateSpec
instanceKlass org/springframework/boot/autoconfigure/thymeleaf/ThymeleafAutoConfiguration$ThymeleafDefaultConfiguration$$Lambda$496
instanceKlass org/thymeleaf/extras/java8time/dialect/Java8TimeExpressionFactory
instanceKlass org/springframework/boot/autoconfigure/thymeleaf/ThymeleafAutoConfiguration$ThymeleafDefaultConfiguration$$Lambda$495
instanceKlass org/thymeleaf/DialectConfiguration
instanceKlass org/thymeleaf/templateparser/markup/decoupled/StandardDecoupledTemplateLogicResolver
instanceKlass org/thymeleaf/linkbuilder/AbstractLinkBuilder
instanceKlass org/thymeleaf/messageresolver/AbstractMessageResolver
instanceKlass org/thymeleaf/context/IEngineContext
instanceKlass org/thymeleaf/context/ITemplateContext
instanceKlass org/thymeleaf/context/IExpressionContext
instanceKlass org/thymeleaf/context/IContext
instanceKlass org/thymeleaf/context/StandardEngineContextFactory
instanceKlass org/thymeleaf/cache/StandardParsedTemplateEntryValidator
instanceKlass org/thymeleaf/cache/ICache
instanceKlass org/thymeleaf/cache/ICacheEntryValidityChecker
instanceKlass org/thymeleaf/cache/AbstractCacheManager
instanceKlass org/thymeleaf/util/ClassLoaderUtils
instanceKlass org/springframework/core/SpringVersion
instanceKlass org/thymeleaf/spring5/util/SpringVersionUtils
instanceKlass org/thymeleaf/standard/expression/IStandardVariableExpressionEvaluator
instanceKlass org/thymeleaf/standard/serializer/IStandardJavaScriptSerializer
instanceKlass org/thymeleaf/standard/expression/IStandardExpressionParser
instanceKlass org/thymeleaf/standard/serializer/IStandardCSSSerializer
instanceKlass org/thymeleaf/expression/IExpressionObjectFactory
instanceKlass org/thymeleaf/standard/expression/IStandardConversionService
instanceKlass org/thymeleaf/dialect/IProcessorDialect
instanceKlass org/thymeleaf/dialect/IExecutionAttributeDialect
instanceKlass org/thymeleaf/IThrottledTemplateProcessor
instanceKlass org/thymeleaf/templateparser/markup/decoupled/IDecoupledTemplateLogicResolver
instanceKlass org/thymeleaf/linkbuilder/ILinkBuilder
instanceKlass org/thymeleaf/messageresolver/IMessageResolver
instanceKlass org/thymeleaf/context/IEngineContextFactory
instanceKlass org/thymeleaf/cache/ICacheManager
instanceKlass org/thymeleaf/templateresolver/TemplateResolution
instanceKlass org/thymeleaf/IEngineConfiguration
instanceKlass org/thymeleaf/util/Validate
instanceKlass org/thymeleaf/util/PatternSpec
instanceKlass org/thymeleaf/templateresource/ITemplateResource
